#
# There is insufficient memory for the Java Runtime Environment to continue.
# Native memory allocation (malloc) failed to allocate 1048576 bytes for AllocateHeap
# Possible reasons:
#   The system is out of physical RAM or swap space
#   In 32 bit mode, the process size limit was hit
# Possible solutions:
#   Reduce memory load on the system
#   Increase physical memory or swap space
#   Check if swap backing store is full
#   Use 64 bit Java on a 64 bit OS
#   Decrease Java heap size (-Xmx/-Xms)
#   Decrease number of Java threads
#   Decrease Java thread stack sizes (-Xss)
#   Set larger code cache with -XX:ReservedCodeCacheSize=
# This output file may be truncated or incomplete.
#
#  Out of Memory Error (memory/allocation.inline.hpp:61), pid=896, tid=0x00000000000026a8
#
# JRE version:  (8.0_111-b14) (build )
# Java VM: Java HotSpot(TM) 64-Bit Server VM (25.111-b14 mixed mode windows-amd64 compressed oops)
# Failed to write core dump. Minidumps are not enabled by default on client versions of Windows
#

---------------  T H R E A D  ---------------

Current thread (0x0000000002880800):  JavaThread "Unknown thread" [_thread_in_vm, id=9896, stack(0x0000000002770000,0x0000000002870000)]

Stack: [0x0000000002770000,0x0000000002870000]
[error occurred during error reporting (printing stack bounds), id 0xc0000005]

Native frames: (J=compiled Java code, j=interpreted, Vv=VM code, C=native code)


---------------  P R O C E S S  ---------------

Java Threads: ( => current thread )

Other Threads:

=>0x0000000002880800 (exited) JavaThread "Unknown thread" [_thread_in_vm, id=9896, stack(0x0000000002770000,0x0000000002870000)]

VM state:not at safepoint (normal execution)

VM Mutex/Monitor currently owned by a thread: None

Heap:
 PSYoungGen      total 18432K, used 317K [0x00000000eb780000, 0x00000000ecc00000, 0x0000000100000000)
  eden space 15872K, 2% used [0x00000000eb780000,0x00000000eb7cf5d0,0x00000000ec700000)
  from space 2560K, 0% used [0x00000000ec980000,0x00000000ec980000,0x00000000ecc00000)
  to   space 2560K, 0% used [0x00000000ec700000,0x00000000ec700000,0x00000000ec980000)
 ParOldGen       total 42496K, used 0K [0x00000000c2600000, 0x00000000c4f80000, 0x00000000eb780000)
  object space 42496K, 0% used [0x00000000c2600000,0x00000000c2600000,0x00000000c4f80000)
 Metaspace       used 770K, capacity 4480K, committed 4480K, reserved 1056768K
  class space    used 75K, capacity 384K, committed 384K, reserved 1048576K

Card table byte_map: [0x0000000011d40000,0x0000000011f30000] byte_map_base: 0x000000001172d000

Marking Bits: (ParMarkBitMap*) 0x000000006a9ea6c0
 Begin Bits: [0x0000000012280000, 0x00000000131e8000)
 End Bits:   [0x00000000131e8000, 0x0000000014150000)

Polling page: 0x0000000000910000

CodeCache: size=245760Kb used=327Kb max_used=327Kb free=245432Kb
 bounds [0x0000000002980000, 0x0000000002bf0000, 0x0000000011980000]
 total_blobs=57 nmethods=0 adapters=38
 compilation: enabled

Compilation events (0 events):
No events

GC Heap History (0 events):
No events

Deoptimization events (0 events):
No events

Internal exceptions (0 events):
No events

Events (10 events):
Event: 0.053 loading class java/lang/Short
Event: 0.053 loading class java/lang/Short done
Event: 0.053 loading class java/lang/Integer
Event: 0.053 loading class java/lang/Integer done
Event: 0.053 loading class java/lang/Long
Event: 0.053 loading class java/lang/Long done
Event: 0.055 loading class java/lang/NullPointerException
Event: 0.055 loading class java/lang/NullPointerException done
Event: 0.055 loading class java/lang/ArithmeticException
Event: 0.055 loading class java/lang/ArithmeticException done


Dynamic libraries:
0x00007ff6fd030000 - 0x00007ff6fd067000 	C:\Program Files\Java\jdk1.8.0_111\bin\java.exe
0x00007ffff8790000 - 0x00007ffff8971000 	C:\WINDOWS\SYSTEM32\ntdll.dll
0x00007ffff72c0000 - 0x00007ffff7371000 	C:\WINDOWS\System32\KERNEL32.DLL
0x00007ffff5520000 - 0x00007ffff5793000 	C:\WINDOWS\System32\KERNELBASE.dll
0x00007ffff7210000 - 0x00007ffff72b1000 	C:\WINDOWS\System32\ADVAPI32.dll
0x00007ffff7a50000 - 0x00007ffff7aee000 	C:\WINDOWS\System32\msvcrt.dll
0x00007ffff8270000 - 0x00007ffff82cb000 	C:\WINDOWS\System32\sechost.dll
0x00007ffff8040000 - 0x00007ffff8164000 	C:\WINDOWS\System32\RPCRT4.dll
0x00007ffff7590000 - 0x00007ffff7720000 	C:\WINDOWS\System32\USER32.dll
0x00007ffff4c50000 - 0x00007ffff4c70000 	C:\WINDOWS\System32\win32u.dll
0x00007ffff8190000 - 0x00007ffff81b8000 	C:\WINDOWS\System32\GDI32.dll
0x00007ffff4c70000 - 0x00007ffff4e01000 	C:\WINDOWS\System32\gdi32full.dll
0x00007ffff5b20000 - 0x00007ffff5bbf000 	C:\WINDOWS\System32\msvcp_win.dll
0x00007ffff4b50000 - 0x00007ffff4c48000 	C:\WINDOWS\System32\ucrtbase.dll
0x00007fffe4640000 - 0x00007fffe48a9000 	C:\WINDOWS\WinSxS\amd64_microsoft.windows.common-controls_6595b64144ccf1df_6.0.17134.1006_none_d3fbb8f77c940c3f\COMCTL32.dll
0x00007ffff7720000 - 0x00007ffff7a41000 	C:\WINDOWS\System32\combase.dll
0x00007ffff5800000 - 0x00007ffff5879000 	C:\WINDOWS\System32\bcryptPrimitives.dll
0x00007ffff7af0000 - 0x00007ffff7b1d000 	C:\WINDOWS\System32\IMM32.DLL
0x000000006a0f0000 - 0x000000006a1c2000 	C:\Program Files\Java\jdk1.8.0_111\jre\bin\msvcr100.dll
0x000000006a1d0000 - 0x000000006aa6a000 	C:\Program Files\Java\jdk1.8.0_111\jre\bin\server\jvm.dll
0x00007ffff8750000 - 0x00007ffff8758000 	C:\WINDOWS\System32\PSAPI.DLL
0x00007fffe2ba0000 - 0x00007fffe2ba9000 	C:\WINDOWS\SYSTEM32\WSOCK32.dll
0x00007ffff82d0000 - 0x00007ffff833c000 	C:\WINDOWS\System32\WS2_32.dll
0x00007ffff2770000 - 0x00007ffff2793000 	C:\WINDOWS\SYSTEM32\WINMM.dll
0x00007ffff07c0000 - 0x00007ffff07ca000 	C:\WINDOWS\SYSTEM32\VERSION.dll
0x00007ffff2250000 - 0x00007ffff227a000 	C:\WINDOWS\SYSTEM32\WINMMBASE.dll
0x00007ffff5bc0000 - 0x00007ffff5c09000 	C:\WINDOWS\System32\cfgmgr32.dll
0x000000006a0a0000 - 0x000000006a0af000 	C:\Program Files\Java\jdk1.8.0_111\jre\bin\verify.dll
0x000000006a070000 - 0x000000006a099000 	C:\Program Files\Java\jdk1.8.0_111\jre\bin\java.dll
0x000000006a050000 - 0x000000006a066000 	C:\Program Files\Java\jdk1.8.0_111\jre\bin\zip.dll

VM Arguments:
jvm_args: -Dfile.encoding=UTF-8 
java_command: calculatordemo.CalculatorDemo
java_class_path (initial): C:\Users\sadik\Documents\NetBeansProjects\CalculatorDemo\build\classes
Launcher Type: SUN_STANDARD

Environment Variables:
PATH=C:\Program Files (x86)\Common Files\Oracle\Java\javapath;C:\WINDOWS\system32;C:\WINDOWS;C:\WINDOWS\System32\Wbem;C:\WINDOWS\System32\WindowsPowerShell\v1.0\;C:\WINDOWS\System32\OpenSSH\;C:\Program Files (x86)\Dev-Cpp\MinGW64\bin;C:\Program Files\Java\jdk-12.0.2\bin;C:\Program Files (x86)\Brackets\command;C:\Users\sadik\AppData\Local\Microsoft\WindowsApps;;D:\Programs\Microsoft VS Code\bin
USERNAME=sadik
OS=Windows_NT
PROCESSOR_IDENTIFIER=Intel64 Family 6 Model 92 Stepping 9, GenuineIntel



---------------  S Y S T E M  ---------------

OS: Windows 10.0 , 64 bit Build 17134 (10.0.17134.753)

CPU:total 2 (2 cores per cpu, 1 threads per core) family 6 model 92 stepping 9, cmov, cx8, fxsr, mmx, sse, sse2, sse3, ssse3, sse4.1, sse4.2, popcnt, aes, clmul, erms, 3dnowpref, tsc, tscinvbit

Memory: 4k page, physical 4030752k(558928k free), swap 5975320k(5920k free)

vm_info: Java HotSpot(TM) 64-Bit Server VM (25.111-b14) for windows-amd64 JRE (1.8.0_111-b14), built on Sep 22 2016 19:24:05 by "java_re" with MS VC++ 10.0 (VS2010)

time: Thu Jan 30 21:56:58 2020
elapsed time: 0 seconds (0d 0h 0m 0s)

